<?xml version="1.0" encoding="UTF-8"?>
<testsuite xmlns:xsi="http://www.w3.org/2001/XMLSchema-instance" xsi:noNamespaceSchemaLocation="https://maven.apache.org/surefire/maven-surefire-plugin/xsd/surefire-test-report.xsd" name="tqs.project.mailMoverPlatform.servicesTests.OrdersServiceTests" time="0.048" tests="9" errors="0" skipped="0" failures="0">
  <properties>
[...]
</properties>
  <testcase name="whenGetAllOrders_thenReturnListOfOrders" classname="tqs.project.mailMoverPlatform.servicesTests.OrdersServiceTests" time="0.03"/>
  <testcase name="whenGetByValidId_returnOrderWithTrackingNumber" classname="tqs.project.mailMoverPlatform.servicesTests.OrdersServiceTests" time="0.001"/>
  <testcase name="whenGetByInvalidAcp_returnNull" classname="tqs.project.mailMoverPlatform.servicesTests.OrdersServiceTests" time="0.006"/>
  <testcase name="whenGetByValidAcp_returnListOfOrdersFromAcp" classname="tqs.project.mailMoverPlatform.servicesTests.OrdersServiceTests" time="0.002"/>
  <testcase name="whenchangeState_STORE_to_COURIER_thenReturnTrueAndStateIsCOURIER" classname="tqs.project.mailMoverPlatform.servicesTests.OrdersServiceTests" time="0.003"/>
  <testcase name="whenchangeState_ACPOINT_to_COLLECTED_thenReturnTrueAndStateIsCOLLECTED" classname="tqs.project.mailMoverPlatform.servicesTests.OrdersServiceTests" time="0.002"/>
  <testcase name="whenGetByInvalidId_returnNull" classname="tqs.project.mailMoverPlatform.servicesTests.OrdersServiceTests" time="0.001"/>
  <testcase name="whenchangeState_COURIER_to_ACPPOINT_thenReturnTrueAndStateIsACPPOINT" classname="tqs.project.mailMoverPlatform.servicesTests.OrdersServiceTests" time="0.002"/>
  <testcase name="whenAddValidOrder_thenReturnOrderWithValidId" classname="tqs.project.mailMoverPlatform.servicesTests.OrdersServiceTests" time="0.001"/>
</testsuite>